<?xml version="1.0" encoding="UTF-8"?>
<testsuite name="lexer.TokenTests" tests="1" skipped="0" failures="0" errors="0" timestamp="2020-06-14T13:11:32" hostname="GENSHUSHU" time="0.019">
  <properties/>
  <testcase name="test_makeNumber()" classname="lexer.TokenTests" time="0.019"/>
  <system-out><![CDATA[]]></system-out>
  <system-err><![CDATA[]]></system-err>
</testsuite>
