<?xml version="1.0" encoding="UTF-8"?>
<testsuite name="common.PeekIteratorTests" tests="1" skipped="0" failures="0" errors="0" timestamp="2020-06-14T11:25:50" hostname="GENSHUSHU" time="0.011">
  <properties/>
  <testcase name="test_endToken()" classname="common.PeekIteratorTests" time="0.011"/>
  <system-out><![CDATA[]]></system-out>
  <system-err><![CDATA[]]></system-err>
</testsuite>
